# JRE version: OpenJDK Runtime Environment (8.0_152-b01) (build 1.8.0_152-release-1343-b01)
# Java VM: OpenJDK 64-Bit Server VM (25.152-b01 mixed mode windows-amd64 compressed oops)
Heap:
 PSYoungGen      total 224768K, used 98071K [0x00000000e0000000, 0x00000000f0380000, 0x0000000100000000)
  eden space 187904K, 38% used [0x00000000e0000000,0x00000000e46cfb28,0x00000000eb780000)
  from space 36864K, 69% used [0x00000000edd80000,0x00000000ef6761c0,0x00000000f0180000)
  to   space 38912K, 0% used [0x00000000eb780000,0x00000000eb780000,0x00000000edd80000)
 ParOldGen       total 185344K, used 92007K [0x00000000a0000000, 0x00000000ab500000, 0x00000000e0000000)
  object space 185344K, 49% used [0x00000000a0000000,0x00000000a59d9fc8,0x00000000ab500000)
 Metaspace       used 89628K, capacity 92892K, committed 93080K, reserved 1130496K
  class space    used 11487K, capacity 12180K, committed 12200K, reserved 1048576K
GC Heap History (10 events):
Event: 32.790 GC heap before
{Heap before GC invocations=22 (full 4):
 PSYoungGen      total 165888K, used 147424K [0x00000000e0000000, 0x00000000eee00000, 0x0000000100000000)
  eden space 146432K, 100% used [0x00000000e0000000,0x00000000e8f00000,0x00000000e8f00000)
  from space 19456K, 5% used [0x00000000e8f00000,0x00000000e8ff80e8,0x00000000ea200000)
  to   space 38400K, 0% used [0x00000000ec880000,0x00000000ec880000,0x00000000eee00000)
 ParOldGen       total 185344K, used 90959K [0x00000000a0000000, 0x00000000ab500000, 0x00000000e0000000)
  object space 185344K, 49% used [0x00000000a0000000,0x00000000a58d3fc8,0x00000000ab500000)
 Metaspace       used 78211K, capacity 80960K, committed 81048K, reserved 1120256K
  class space    used 10576K, capacity 11146K, committed 11176K, reserved 1048576K
Event: 32.819 GC heap after
Heap after GC invocations=22 (full 4):
 PSYoungGen      total 196096K, used 5810K [0x00000000e0000000, 0x00000000ee880000, 0x0000000100000000)
  eden space 163328K, 0% used [0x00000000e0000000,0x00000000e0000000,0x00000000e9f80000)
  from space 32768K, 17% used [0x00000000ec880000,0x00000000ece2cad8,0x00000000ee880000)
  to   space 37376K, 0% used [0x00000000e9f80000,0x00000000e9f80000,0x00000000ec400000)
 ParOldGen       total 185344K, used 91975K [0x00000000a0000000, 0x00000000ab500000, 0x00000000e0000000)
  object space 185344K, 49% used [0x00000000a0000000,0x00000000a59d1fc8,0x00000000ab500000)
 Metaspace       used 78211K, capacity 80960K, committed 81048K, reserved 1120256K
  class space    used 10576K, capacity 11146K, committed 11176K, reserved 1048576K
}
Event: 220.727 GC heap before
{Heap before GC invocations=23 (full 4):
 PSYoungGen      total 196096K, used 169138K [0x00000000e0000000, 0x00000000ee880000, 0x0000000100000000)
  eden space 163328K, 100% used [0x00000000e0000000,0x00000000e9f80000,0x00000000e9f80000)
  from space 32768K, 17% used [0x00000000ec880000,0x00000000ece2cad8,0x00000000ee880000)
  to   space 37376K, 0% used [0x00000000e9f80000,0x00000000e9f80000,0x00000000ec400000)
 ParOldGen       total 185344K, used 91975K [0x00000000a0000000, 0x00000000ab500000, 0x00000000e0000000)
  object space 185344K, 49% used [0x00000000a0000000,0x00000000a59d1fc8,0x00000000ab500000)
 Metaspace       used 83848K, capacity 86866K, committed 87064K, reserved 1124352K
  class space    used 11049K, capacity 11689K, committed 11816K, reserved 1048576K
Event: 220.770 GC heap after
Heap after GC invocations=23 (full 4):
 PSYoungGen      total 200704K, used 13675K [0x00000000e0000000, 0x00000000ef380000, 0x0000000100000000)
  eden space 163328K, 0% used [0x00000000e0000000,0x00000000e0000000,0x00000000e9f80000)
  from space 37376K, 36% used [0x00000000e9f80000,0x00000000eacdad90,0x00000000ec400000)
  to   space 35328K, 0% used [0x00000000ed100000,0x00000000ed100000,0x00000000ef380000)
 ParOldGen       total 185344K, used 91983K [0x00000000a0000000, 0x00000000ab500000, 0x00000000e0000000)
  object space 185344K, 49% used [0x00000000a0000000,0x00000000a59d3fc8,0x00000000ab500000)
 Metaspace       used 83848K, capacity 86866K, committed 87064K, reserved 1124352K
  class space    used 11049K, capacity 11689K, committed 11816K, reserved 1048576K
}
Event: 267.742 GC heap before
{Heap before GC invocations=24 (full 4):
 PSYoungGen      total 200704K, used 177003K [0x00000000e0000000, 0x00000000ef380000, 0x0000000100000000)
  eden space 163328K, 100% used [0x00000000e0000000,0x00000000e9f80000,0x00000000e9f80000)
  from space 37376K, 36% used [0x00000000e9f80000,0x00000000eacdad90,0x00000000ec400000)
  to   space 35328K, 0% used [0x00000000ed100000,0x00000000ed100000,0x00000000ef380000)
 ParOldGen       total 185344K, used 91983K [0x00000000a0000000, 0x00000000ab500000, 0x00000000e0000000)
  object space 185344K, 49% used [0x00000000a0000000,0x00000000a59d3fc8,0x00000000ab500000)
 Metaspace       used 84898K, capacity 88112K, committed 88344K, reserved 1126400K
  class space    used 11122K, capacity 11804K, committed 11816K, reserved 1048576K
Event: 267.760 GC heap after
Heap after GC invocations=24 (full 4):
 PSYoungGen      total 204800K, used 8026K [0x00000000e0000000, 0x00000000eed80000, 0x0000000100000000)
  eden space 175616K, 0% used [0x00000000e0000000,0x00000000e0000000,0x00000000eab80000)
  from space 29184K, 27% used [0x00000000ed100000,0x00000000ed8d6940,0x00000000eed80000)
  to   space 33792K, 0% used [0x00000000eab80000,0x00000000eab80000,0x00000000ecc80000)
 ParOldGen       total 185344K, used 91991K [0x00000000a0000000, 0x00000000ab500000, 0x00000000e0000000)
  object space 185344K, 49% used [0x00000000a0000000,0x00000000a59d5fc8,0x00000000ab500000)
 Metaspace       used 84898K, capacity 88112K, committed 88344K, reserved 1126400K
  class space    used 11122K, capacity 11804K, committed 11816K, reserved 1048576K
}
Event: 271.731 GC heap before
{Heap before GC invocations=25 (full 4):
 PSYoungGen      total 204800K, used 183642K [0x00000000e0000000, 0x00000000eed80000, 0x0000000100000000)
  eden space 175616K, 100% used [0x00000000e0000000,0x00000000eab80000,0x00000000eab80000)
  from space 29184K, 27% used [0x00000000ed100000,0x00000000ed8d6940,0x00000000eed80000)
  to   space 33792K, 0% used [0x00000000eab80000,0x00000000eab80000,0x00000000ecc80000)
 ParOldGen       total 185344K, used 91991K [0x00000000a0000000, 0x00000000ab500000, 0x00000000e0000000)
  object space 185344K, 49% used [0x00000000a0000000,0x00000000a59d5fc8,0x00000000ab500000)
 Metaspace       used 88368K, capacity 91572K, committed 91800K, reserved 1128448K
  class space    used 11451K, capacity 12138K, committed 12200K, reserved 1048576K
Event: 271.780 GC heap after
Heap after GC invocations=25 (full 4):
 PSYoungGen      total 209408K, used 26202K [0x00000000e0000000, 0x00000000f0180000, 0x0000000100000000)
  eden space 175616K, 0% used [0x00000000e0000000,0x00000000e0000000,0x00000000eab80000)
  from space 33792K, 77% used [0x00000000eab80000,0x00000000ec516b50,0x00000000ecc80000)
  to   space 36864K, 0% used [0x00000000edd80000,0x00000000edd80000,0x00000000f0180000)
 ParOldGen       total 185344K, used 91999K [0x00000000a0000000, 0x00000000ab500000, 0x00000000e0000000)
  object space 185344K, 49% used [0x00000000a0000000,0x00000000a59d7fc8,0x00000000ab500000)
 Metaspace       used 88368K, capacity 91572K, committed 91800K, reserved 1128448K
  class space    used 11451K, capacity 12138K, committed 12200K, reserved 1048576K
}
Event: 281.914 GC heap before
{Heap before GC invocations=26 (full 4):
 PSYoungGen      total 209408K, used 201818K [0x00000000e0000000, 0x00000000f0180000, 0x0000000100000000)
  eden space 175616K, 100% used [0x00000000e0000000,0x00000000eab80000,0x00000000eab80000)
  from space 33792K, 77% used [0x00000000eab80000,0x00000000ec516b50,0x00000000ecc80000)
  to   space 36864K, 0% used [0x00000000edd80000,0x00000000edd80000,0x00000000f0180000)
 ParOldGen       total 185344K, used 91999K [0x00000000a0000000, 0x00000000ab500000, 0x00000000e0000000)
  object space 185344K, 49% used [0x00000000a0000000,0x00000000a59d7fc8,0x00000000ab500000)
 Metaspace       used 89573K, capacity 92818K, committed 93080K, reserved 1130496K
  class space    used 11482K, capacity 12179K, committed 12200K, reserved 1048576K
Event: 281.948 GC heap after
Heap after GC invocations=26 (full 4):
 PSYoungGen      total 224768K, used 25560K [0x00000000e0000000, 0x00000000f0380000, 0x0000000100000000)
  eden space 187904K, 0% used [0x00000000e0000000,0x00000000e0000000,0x00000000eb780000)
  from space 36864K, 69% used [0x00000000edd80000,0x00000000ef6761c0,0x00000000f0180000)
  to   space 38912K, 0% used [0x00000000eb780000,0x00000000eb780000,0x00000000edd80000)
 ParOldGen       total 185344K, used 92007K [0x00000000a0000000, 0x00000000ab500000, 0x00000000e0000000)
  object space 185344K, 49% used [0x00000000a0000000,0x00000000a59d9fc8,0x00000000ab500000)
 Metaspace       used 89573K, capacity 92818K, committed 93080K, reserved 1130496K
  class space    used 11482K, capacity 12179K, committed 12200K, reserved 1048576K
}

